TN:
SF:/home/jpchateau/dev/Interactive-Image/src/js/helper/domHelper.js
FN:11,(anonymous_0)
FN:25,(anonymous_1)
FN:45,(anonymous_2)
FN:64,(anonymous_3)
FN:80,(anonymous_4)
FN:91,(anonymous_5)
FNF:6
FNH:5
FNDA:44,(anonymous_0)
FNDA:44,(anonymous_1)
FNDA:44,(anonymous_2)
FNDA:1,(anonymous_3)
FNDA:1,(anonymous_4)
FNDA:0,(anonymous_5)
DA:12,44
DA:14,44
DA:15,44
DA:17,44
DA:26,44
DA:27,6
DA:30,38
DA:31,41
DA:32,41
DA:36,38
DA:46,44
DA:47,30
DA:50,14
DA:51,13
DA:53,1
DA:56,14
DA:65,1
DA:66,1
DA:68,1
DA:69,1
DA:70,0
DA:81,1
DA:82,1
DA:92,0
DA:93,0
DA:94,0
DA:95,0
DA:96,0
DA:98,0
DA:101,0
DA:102,0
DA:103,0
DA:104,0
LF:33
LH:22
BRDA:11,0,0,37
BRDA:26,1,0,6
BRDA:26,1,1,38
BRDA:31,2,0,41
BRDA:31,2,1,0
BRDA:46,3,0,30
BRDA:46,3,1,14
BRDA:50,4,0,13
BRDA:50,4,1,1
BRDA:65,5,0,1
BRDA:65,5,1,0
BRDA:69,6,0,0
BRDA:69,6,1,1
BRDA:81,7,0,1
BRDA:81,7,1,0
BRDA:94,8,0,0
BRDA:94,8,1,0
BRDA:102,9,0,0
BRDA:102,9,1,0
BRF:19
BRH:11
end_of_record
TN:
SF:/home/jpchateau/dev/Interactive-Image/src/js/helper/fileHelper.js
FN:8,(anonymous_0)
FN:18,(anonymous_1)
FNF:2
FNH:2
FNDA:7,(anonymous_0)
FNDA:8,(anonymous_1)
DA:9,7
DA:19,8
DA:20,5
DA:23,3
LF:4
LH:4
BRDA:19,0,0,5
BRDA:19,0,1,3
BRF:2
BRH:2
end_of_record
TN:
SF:/home/jpchateau/dev/Interactive-Image/src/js/helper/itemHelper.js
FN:10,(anonymous_0)
FN:24,(anonymous_1)
FNF:2
FNH:2
FNDA:1,(anonymous_0)
FNDA:1,(anonymous_1)
DA:11,1
DA:25,1
LF:2
LH:2
BRF:0
BRH:0
end_of_record
TN:
SF:/home/jpchateau/dev/Interactive-Image/src/js/helper/logHelper.js
FN:2,(anonymous_0)
FN:9,(anonymous_1)
FN:18,(anonymous_2)
FNF:3
FNH:2
FNDA:1,(anonymous_0)
FNDA:1,(anonymous_1)
FNDA:0,(anonymous_2)
DA:3,1
DA:10,1
DA:19,0
DA:20,0
DA:23,0
DA:24,0
DA:27,0
LF:7
LH:2
BRDA:18,0,0,0
BRDA:18,1,0,0
BRDA:19,2,0,0
BRDA:19,2,1,0
BRDA:19,3,0,0
BRDA:19,3,1,0
BRDA:19,3,2,0
BRDA:23,4,0,0
BRDA:23,4,1,0
BRF:9
BRH:0
end_of_record
TN:
SF:/home/jpchateau/dev/Interactive-Image/src/js/item/audioItem.js
FN:14,(anonymous_0)
FN:25,(anonymous_1)
FN:32,(anonymous_2)
FN:47,(anonymous_3)
FN:64,(anonymous_4)
FNF:5
FNH:5
FNDA:4,(anonymous_0)
FNDA:1,(anonymous_1)
FNDA:3,(anonymous_2)
FNDA:1,(anonymous_3)
FNDA:1,(anonymous_4)
DA:15,4
DA:26,1
DA:33,3
DA:35,3
DA:37,3
DA:38,3
DA:39,3
DA:41,3
DA:48,1
DA:49,1
DA:50,1
DA:52,1
DA:53,1
DA:54,1
DA:56,1
DA:58,1
DA:65,1
DA:66,1
DA:68,1
DA:70,1
DA:71,1
DA:72,1
DA:75,1
DA:77,1
LF:24
LH:24
BRDA:70,0,0,1
BRDA:70,0,1,0
BRF:2
BRH:1
end_of_record
TN:
SF:/home/jpchateau/dev/Interactive-Image/src/js/item/baseItem.js
FN:8,(anonymous_0)
FN:15,(anonymous_1)
FN:28,(anonymous_2)
FN:32,(anonymous_3)
FN:43,(anonymous_4)
FN:55,(anonymous_5)
FN:76,(anonymous_6)
FNF:7
FNH:3
FNDA:0,(anonymous_0)
FNDA:19,(anonymous_1)
FNDA:0,(anonymous_2)
FNDA:19,(anonymous_3)
FNDA:0,(anonymous_4)
FNDA:9,(anonymous_5)
FNDA:0,(anonymous_6)
DA:9,0
DA:16,19
DA:17,19
DA:18,19
DA:19,19
DA:20,19
DA:29,0
DA:33,19
DA:34,27
DA:35,1
DA:44,0
DA:45,0
DA:46,0
DA:47,0
DA:49,0
DA:56,9
DA:57,9
DA:58,0
DA:61,9
DA:62,0
DA:65,9
DA:66,9
DA:68,9
DA:69,0
DA:70,0
DA:73,9
DA:77,0
LF:27
LH:15
BRDA:17,0,0,19
BRDA:17,0,1,0
BRDA:18,1,0,0
BRDA:18,1,1,19
BRDA:19,2,0,0
BRDA:19,2,1,19
BRDA:34,3,0,1
BRDA:34,3,1,26
BRDA:34,4,0,27
BRDA:34,4,1,26
BRDA:34,4,2,26
BRDA:57,5,0,0
BRDA:57,5,1,9
BRDA:61,6,0,0
BRDA:61,6,1,9
BRDA:68,7,0,0
BRDA:68,7,1,9
BRF:17
BRH:11
end_of_record
TN:
SF:/home/jpchateau/dev/Interactive-Image/src/js/item/factory.js
FN:21,(anonymous_0)
FNF:1
FNH:1
FNDA:10,(anonymous_0)
DA:7,1
DA:22,10
DA:23,10
DA:25,10
DA:26,10
DA:29,4
DA:30,1
DA:32,3
DA:35,4
LF:9
LH:9
BRDA:29,0,0,1
BRDA:29,0,1,3
BRDA:29,1,0,4
BRDA:29,1,1,4
BRF:4
BRH:4
end_of_record
TN:
SF:/home/jpchateau/dev/Interactive-Image/src/js/item/pictureItem.js
FN:11,(anonymous_0)
FN:24,(anonymous_1)
FN:40,(anonymous_2)
FNF:3
FNH:3
FNDA:4,(anonymous_0)
FNDA:2,(anonymous_1)
FNDA:2,(anonymous_2)
DA:12,4
DA:14,4
DA:16,4
DA:17,4
DA:18,4
DA:25,2
DA:26,2
DA:28,2
DA:29,1
DA:31,1
DA:34,2
DA:41,2
DA:42,2
DA:44,2
DA:45,1
DA:46,1
DA:49,2
DA:50,1
DA:51,1
DA:52,1
DA:53,1
DA:55,1
DA:58,2
DA:60,2
LF:24
LH:24
BRDA:28,0,0,1
BRDA:28,0,1,1
BRDA:44,1,0,1
BRDA:44,1,1,1
BRDA:49,2,0,1
BRDA:49,2,1,1
BRF:6
BRH:6
end_of_record
TN:
SF:/home/jpchateau/dev/Interactive-Image/src/js/item/providerItem.js
FN:11,(anonymous_0)
FN:18,(anonymous_1)
FN:28,(anonymous_2)
FN:44,(anonymous_3)
FN:57,(anonymous_4)
FN:71,(anonymous_5)
FNF:6
FNH:6
FNDA:3,(anonymous_0)
FNDA:1,(anonymous_1)
FNDA:3,(anonymous_2)
FNDA:1,(anonymous_3)
FNDA:1,(anonymous_4)
FNDA:1,(anonymous_5)
DA:12,3
DA:19,1
DA:29,3
DA:31,3
DA:33,3
DA:34,3
DA:36,3
DA:37,1
DA:45,1
DA:58,1
DA:59,1
DA:61,1
DA:63,1
DA:65,1
DA:72,1
DA:74,1
LF:16
LH:16
BRDA:36,0,0,1
BRDA:36,0,1,2
BRDA:49,1,0,1
BRDA:49,1,1,0
BRF:4
BRH:3
end_of_record
TN:
SF:/home/jpchateau/dev/Interactive-Image/src/js/item/textItem.js
FN:11,(anonymous_0)
FN:25,(anonymous_1)
FN:32,(anonymous_2)
FN:39,(anonymous_3)
FN:50,(anonymous_4)
FN:69,(anonymous_5)
FNF:6
FNH:6
FNDA:6,(anonymous_0)
FNDA:4,(anonymous_1)
FNDA:4,(anonymous_2)
FNDA:2,(anonymous_3)
FNDA:2,(anonymous_4)
FNDA:4,(anonymous_5)
DA:12,6
DA:14,6
DA:16,5
DA:17,5
DA:18,5
DA:19,5
DA:26,4
DA:33,4
DA:40,2
DA:41,2
DA:42,2
DA:44,2
DA:51,2
DA:52,2
DA:55,2
DA:56,1
DA:58,1
DA:61,2
DA:63,2
DA:70,4
DA:71,4
DA:73,4
DA:75,4
DA:76,2
DA:79,4
DA:81,4
DA:82,2
DA:85,4
DA:87,4
LF:29
LH:29
BRDA:55,0,0,1
BRDA:55,0,1,1
BRDA:75,1,0,2
BRDA:75,1,1,2
BRDA:81,2,0,2
BRDA:81,2,1,2
BRF:6
BRH:6
end_of_record
TN:
SF:/home/jpchateau/dev/Interactive-Image/src/js/item/videoItem.js
FN:14,(anonymous_0)
FN:24,(anonymous_1)
FN:31,(anonymous_2)
FN:47,(anonymous_3)
FN:69,(anonymous_4)
FNF:5
FNH:5
FNDA:4,(anonymous_0)
FNDA:1,(anonymous_1)
FNDA:3,(anonymous_2)
FNDA:1,(anonymous_3)
FNDA:1,(anonymous_4)
DA:15,4
DA:25,1
DA:32,3
DA:34,3
DA:36,3
DA:37,3
DA:38,3
DA:39,3
DA:41,3
DA:48,1
DA:49,1
DA:50,1
DA:51,1
DA:53,1
DA:54,1
DA:55,1
DA:57,1
DA:58,1
DA:61,1
DA:63,1
DA:70,1
DA:71,1
DA:73,1
DA:75,1
DA:76,1
DA:77,1
DA:80,1
DA:82,1
LF:28
LH:28
BRDA:57,0,0,1
BRDA:57,0,1,0
BRDA:75,1,0,1
BRDA:75,1,1,0
BRF:4
BRH:2
end_of_record
TN:
SF:/home/jpchateau/dev/Interactive-Image/src/js/service/uniqueId.js
FN:5,(anonymous_0)
FN:19,(anonymous_1)
FNF:2
FNH:2
FNDA:22,(anonymous_0)
FNDA:22,(anonymous_1)
DA:6,22
DA:7,22
DA:8,22
DA:10,22
DA:20,22
LF:5
LH:5
BRDA:7,0,0,22
BRDA:7,0,1,1
BRDA:8,1,0,2
BRDA:8,1,1,20
BRDA:20,2,0,21
BRDA:20,2,1,1
BRF:6
BRH:6
end_of_record
